<?xml version="1.0" encoding="UTF-8"?>
<!-- Generated by org.testng.reporters.JUnitReportReporter -->
<testsuite skipped="0" hostname="bablukumar" name="Clinion_Execution.Clinion_StudyConfigExecutionClass" tests="1" failures="0" timestamp="03 Aug 2018 08:54:18 GMT" time="469.757" errors="0">
  <testcase name="CreateUser" time="469.757" classname="Clinion_Execution.Clinion_StudyConfigExecutionClass"/>
</testsuite> <!-- Clinion_Execution.Clinion_StudyConfigExecutionClass -->
