<?xml version="1.0" encoding="UTF-8"?>
<!-- Generated by org.testng.reporters.JUnitReportReporter -->
<testsuite skipped="0" hostname="bablukumar" name="Clinion_Execution.Clinion_CAExecutionClass" tests="1" failures="0" timestamp="26 Jul 2018 11:20:25 GMT" time="14.981" errors="0">
  <testcase name="CAUserManagementPermson" time="14.981" classname="Clinion_Execution.Clinion_CAExecutionClass"/>
</testsuite> <!-- Clinion_Execution.Clinion_CAExecutionClass -->
