<?xml version="1.0" encoding="UTF-8"?>
<!-- Generated by org.testng.reporters.JUnitReportReporter -->
<testsuite skipped="1" hostname="bablukumar" name="Clinion_Execution.Clinion_EDCStudyExecutionClass" tests="2" failures="0" timestamp="05 Mar 2019 12:30:34 GMT" time="171.378" errors="0">
  <testcase name="eCRFDataExtraction" time="171.378" classname="Clinion_Execution.Clinion_EDCStudyExecutionClass"/>
  <testcase name="forgotpassword_Methd" classname="Clinion_Execution.Clinion_EDCStudyExecutionClass">
    <skipped/>
  </testcase> <!-- forgotpassword_Methd -->
</testsuite> <!-- Clinion_Execution.Clinion_EDCStudyExecutionClass -->
