<?xml version="1.0" encoding="UTF-8"?>
<!-- Generated by org.testng.reporters.JUnitReportReporter -->
<testsuite hostname="bablukumar" name="Clinion_Execution.Clinion_CDMStudyExecutionClass" tests="1" failures="0" timestamp="7 Mar 2019 08:30:27 GMT" time="52.175" errors="0">
  <testcase name="eCRFDataExtractionClinion3Point1" time="52.175" classname="Clinion_Execution.Clinion_CDMStudyExecutionClass"/>
</testsuite> <!-- Clinion_Execution.Clinion_CDMStudyExecutionClass -->
