<?xml version="1.0" encoding="UTF-8"?>
<!-- Generated by org.testng.reporters.JUnitReportReporter -->
<testsuite skipped="0" hostname="bablukumar" name="Clinion_Execution.Clinion_StudyWorkflowExecution" tests="1" failures="0" timestamp="03 Aug 2018 12:30:40 GMT" time="67.226" errors="0">
  <testcase name="SARoleXFeatureMngmt" time="67.226" classname="Clinion_Execution.Clinion_StudyWorkflowExecution"/>
</testsuite> <!-- Clinion_Execution.Clinion_StudyWorkflowExecution -->
