<?xml version="1.0" encoding="UTF-8"?>
<!-- Generated by org.testng.reporters.JUnitReportReporter -->
<testsuite hostname="bablukumar" name="Clinion_Execution.Clinion_EDCStudyExecutionClass" tests="1" failures="0" timestamp="7 Mar 2019 05:49:32 GMT" time="173.608" errors="0">
  <testcase name="eCRFDataExtraction" time="173.608" classname="Clinion_Execution.Clinion_EDCStudyExecutionClass"/>
</testsuite> <!-- Clinion_Execution.Clinion_EDCStudyExecutionClass -->
