<?xml version="1.0" encoding="UTF-8"?>
<!-- Generated by org.testng.reporters.JUnitReportReporter -->
<testsuite hostname="bablukumar" name="Clinion_Execution.Clinion_CRFdataExtractionExecutionClassClinion3Point1" tests="2" failures="0" timestamp="13 Mar 2019 11:29:11 GMT" time="65.781" errors="0">
  <testcase name="eCRFDataExtractionClinion3Point1PerVisit" time="38.216" classname="Clinion_Execution.Clinion_CRFdataExtractionExecutionClassClinion3Point1"/>
  <testcase name="eCRFDataExtractionClinion3Point1PerSubjt" time="27.565" classname="Clinion_Execution.Clinion_CRFdataExtractionExecutionClassClinion3Point1"/>
</testsuite> <!-- Clinion_Execution.Clinion_CRFdataExtractionExecutionClassClinion3Point1 -->
